2026-07-06T11:40:47.883+07:00  INFO 11288 --- [main] c.e.a.AuthenticationApplication          : Starting AuthenticationApplication using Java 21.0.10 with PID 11288 (D:\Roeun Dary  ( Java-Spring boot  )\authentication\target\classes started by CABE-1082 in D:\Roeun Dary  ( Java-Spring boot  )\authentication)
2026-07-06T11:40:47.886+07:00  INFO 11288 --- [main] c.e.a.AuthenticationApplication          : No active profile set, falling back to 1 default profile: "default"
2026-07-06T11:40:48.535+07:00  INFO 11288 --- [main] .s.d.r.c.RepositoryConfigurationDelegate : Bootstrapping Spring Data JPA repositories in DEFAULT mode.
2026-07-06T11:40:48.596+07:00  INFO 11288 --- [main] .s.d.r.c.RepositoryConfigurationDelegate : Finished Spring Data repository scanning in 52 ms. Found 1 JPA repository interface.
2026-07-06T11:40:49.230+07:00  INFO 11288 --- [main] o.s.b.w.embedded.tomcat.TomcatWebServer  : Tomcat initialized with port 2324 (http)
2026-07-06T11:40:49.245+07:00  INFO 11288 --- [main] o.apache.catalina.core.StandardService   : Starting service [Tomcat]
2026-07-06T11:40:49.246+07:00  INFO 11288 --- [main] o.apache.catalina.core.StandardEngine    : Starting Servlet engine: [Apache Tomcat/10.1.20]
2026-07-06T11:40:49.328+07:00  INFO 11288 --- [main] o.a.c.c.C.[Tomcat].[localhost].[/]       : Initializing Spring embedded WebApplicationContext
2026-07-06T11:40:49.328+07:00  INFO 11288 --- [main] w.s.c.ServletWebServerApplicationContext : Root WebApplicationContext: initialization completed in 1394 ms
2026-07-06T11:40:49.459+07:00  INFO 11288 --- [main] o.hibernate.jpa.internal.util.LogHelper  : HHH000204: Processing PersistenceUnitInfo [name: default]
2026-07-06T11:40:49.548+07:00  INFO 11288 --- [main] org.hibernate.Version                    : HHH000412: Hibernate ORM core version 6.4.4.Final
2026-07-06T11:40:49.596+07:00  INFO 11288 --- [main] o.h.c.internal.RegionFactoryInitiator    : HHH000026: Second-level cache disabled
2026-07-06T11:40:49.906+07:00  INFO 11288 --- [main] o.s.o.j.p.SpringPersistenceUnitInfo      : No LoadTimeWeaver setup: ignoring JPA class transformer
2026-07-06T11:40:49.940+07:00  INFO 11288 --- [main] com.zaxxer.hikari.HikariDataSource       : HikariPool-1 - Starting...
2026-07-06T11:40:50.108+07:00  INFO 11288 --- [main] com.zaxxer.hikari.pool.HikariPool        : HikariPool-1 - Added connection com.mysql.cj.jdbc.ConnectionImpl@76e6c070
2026-07-06T11:40:50.110+07:00  INFO 11288 --- [main] com.zaxxer.hikari.HikariDataSource       : HikariPool-1 - Start completed.
2026-07-06T11:40:50.176+07:00  WARN 11288 --- [main] org.hibernate.orm.deprecation            : HHH90000025: MySQLDialect does not need to be specified explicitly using 'hibernate.dialect' (remove the property setting and it will be selected by default)
2026-07-06T11:40:51.056+07:00  INFO 11288 --- [main] o.h.e.t.j.p.i.JtaPlatformInitiator       : HHH000489: No JTA platform available (set 'hibernate.transaction.jta.platform' to enable JTA platform integration)
2026-07-06T11:40:51.131+07:00  INFO 11288 --- [main] j.LocalContainerEntityManagerFactoryBean : Initialized JPA EntityManagerFactory for persistence unit 'default'
2026-07-06T11:40:51.536+07:00  WARN 11288 --- [main] JpaBaseConfiguration$JpaWebConfiguration : spring.jpa.open-in-view is enabled by default. Therefore, database queries may be performed during view rendering. Explicitly configure spring.jpa.open-in-view to disable this warning
2026-07-06T11:40:51.784+07:00  INFO 11288 --- [main] o.s.s.web.DefaultSecurityFilterChain     : Will secure any request with [org.springframework.security.web.session.DisableEncodeUrlFilter@24e79a4d, org.springframework.security.web.context.request.async.WebAsyncManagerIntegrationFilter@5542418c, org.springframework.security.web.context.SecurityContextHolderFilter@10df1f34, org.springframework.security.web.header.HeaderWriterFilter@68722de3, org.springframework.web.filter.CorsFilter@705eb026, org.springframework.security.web.authentication.logout.LogoutFilter@2f8b48c3, com.example.authentication.config.JwtAuthenticationFilter@2a4bd699, org.springframework.security.web.savedrequest.RequestCacheAwareFilter@5cea47a1, org.springframework.security.web.servletapi.SecurityContextHolderAwareRequestFilter@2d527346, org.springframework.security.web.authentication.AnonymousAuthenticationFilter@8de4206, org.springframework.security.web.session.SessionManagementFilter@64c37088, org.springframework.security.web.access.ExceptionTranslationFilter@5243d730, org.springframework.security.web.access.intercept.AuthorizationFilter@40ebb56]
2026-07-06T11:40:51.993+07:00  INFO 11288 --- [main] o.s.b.w.embedded.tomcat.TomcatWebServer  : Tomcat started on port 2324 (http) with context path ''
2026-07-06T11:40:52.005+07:00  INFO 11288 --- [main] c.e.a.AuthenticationApplication          : Started AuthenticationApplication in 4.594 seconds (process running for 5.355)
2026-07-06T11:41:06.079+07:00  INFO 11288 --- [http-nio-2324-exec-2] o.a.c.c.C.[Tomcat].[localhost].[/]       : Initializing Spring DispatcherServlet 'dispatcherServlet'
2026-07-06T11:41:06.080+07:00  INFO 11288 --- [http-nio-2324-exec-2] o.s.web.servlet.DispatcherServlet        : Initializing Servlet 'dispatcherServlet'
2026-07-06T11:41:06.081+07:00  INFO 11288 --- [http-nio-2324-exec-2] o.s.web.servlet.DispatcherServlet        : Completed initialization in 1 ms
2026-07-06T13:30:16.181+07:00  INFO 15104 --- [main] c.e.a.AuthenticationApplication          : Starting AuthenticationApplication using Java 21.0.10 with PID 15104 (D:\Roeun Dary  ( Java-Spring boot  )\authentication\target\classes started by CABE-1082 in D:\Roeun Dary  ( Java-Spring boot  )\authentication)
2026-07-06T13:30:16.198+07:00  INFO 15104 --- [main] c.e.a.AuthenticationApplication          : No active profile set, falling back to 1 default profile: "default"
2026-07-06T13:30:17.096+07:00  INFO 15104 --- [main] .s.d.r.c.RepositoryConfigurationDelegate : Bootstrapping Spring Data JPA repositories in DEFAULT mode.
2026-07-06T13:30:17.167+07:00  INFO 15104 --- [main] .s.d.r.c.RepositoryConfigurationDelegate : Finished Spring Data repository scanning in 61 ms. Found 1 JPA repository interface.
2026-07-06T13:30:17.850+07:00  INFO 15104 --- [main] o.s.b.w.embedded.tomcat.TomcatWebServer  : Tomcat initialized with port 2324 (http)
2026-07-06T13:30:17.869+07:00  INFO 15104 --- [main] o.apache.catalina.core.StandardService   : Starting service [Tomcat]
2026-07-06T13:30:17.869+07:00  INFO 15104 --- [main] o.apache.catalina.core.StandardEngine    : Starting Servlet engine: [Apache Tomcat/10.1.20]
2026-07-06T13:30:17.975+07:00  INFO 15104 --- [main] o.a.c.c.C.[Tomcat].[localhost].[/]       : Initializing Spring embedded WebApplicationContext
2026-07-06T13:30:17.976+07:00  INFO 15104 --- [main] w.s.c.ServletWebServerApplicationContext : Root WebApplicationContext: initialization completed in 1713 ms
2026-07-06T13:30:18.145+07:00  INFO 15104 --- [main] o.hibernate.jpa.internal.util.LogHelper  : HHH000204: Processing PersistenceUnitInfo [name: default]
2026-07-06T13:30:18.235+07:00  INFO 15104 --- [main] org.hibernate.Version                    : HHH000412: Hibernate ORM core version 6.4.4.Final
2026-07-06T13:30:18.280+07:00  INFO 15104 --- [main] o.h.c.internal.RegionFactoryInitiator    : HHH000026: Second-level cache disabled
2026-07-06T13:30:18.592+07:00  INFO 15104 --- [main] o.s.o.j.p.SpringPersistenceUnitInfo      : No LoadTimeWeaver setup: ignoring JPA class transformer
2026-07-06T13:30:18.628+07:00  INFO 15104 --- [main] com.zaxxer.hikari.HikariDataSource       : HikariPool-1 - Starting...
2026-07-06T13:30:18.876+07:00  INFO 15104 --- [main] com.zaxxer.hikari.pool.HikariPool        : HikariPool-1 - Added connection com.mysql.cj.jdbc.ConnectionImpl@46d0f89c
2026-07-06T13:30:18.878+07:00  INFO 15104 --- [main] com.zaxxer.hikari.HikariDataSource       : HikariPool-1 - Start completed.
2026-07-06T13:30:18.973+07:00  WARN 15104 --- [main] org.hibernate.orm.deprecation            : HHH90000025: MySQLDialect does not need to be specified explicitly using 'hibernate.dialect' (remove the property setting and it will be selected by default)
2026-07-06T13:30:19.881+07:00  INFO 15104 --- [main] o.h.e.t.j.p.i.JtaPlatformInitiator       : HHH000489: No JTA platform available (set 'hibernate.transaction.jta.platform' to enable JTA platform integration)
2026-07-06T13:30:20.007+07:00  INFO 15104 --- [main] j.LocalContainerEntityManagerFactoryBean : Initialized JPA EntityManagerFactory for persistence unit 'default'
2026-07-06T13:30:20.461+07:00  WARN 15104 --- [main] JpaBaseConfiguration$JpaWebConfiguration : spring.jpa.open-in-view is enabled by default. Therefore, database queries may be performed during view rendering. Explicitly configure spring.jpa.open-in-view to disable this warning
2026-07-06T13:30:20.767+07:00  INFO 15104 --- [main] o.s.s.web.DefaultSecurityFilterChain     : Will secure any request with [org.springframework.security.web.session.DisableEncodeUrlFilter@1aebe759, org.springframework.security.web.context.request.async.WebAsyncManagerIntegrationFilter@6fd37997, org.springframework.security.web.context.SecurityContextHolderFilter@1d4e06bb, org.springframework.security.web.header.HeaderWriterFilter@2e015ac1, org.springframework.web.filter.CorsFilter@5dc7881d, org.springframework.security.web.authentication.logout.LogoutFilter@12051d38, com.example.authentication.config.JwtAuthenticationFilter@12dc702b, org.springframework.security.web.savedrequest.RequestCacheAwareFilter@4529048e, org.springframework.security.web.servletapi.SecurityContextHolderAwareRequestFilter@6addfa22, org.springframework.security.web.authentication.AnonymousAuthenticationFilter@590336ed, org.springframework.security.web.session.SessionManagementFilter@1db5de29, org.springframework.security.web.access.ExceptionTranslationFilter@2b18b308, org.springframework.security.web.access.intercept.AuthorizationFilter@2f8b48c3]
2026-07-06T13:30:20.992+07:00  INFO 15104 --- [main] o.s.b.w.embedded.tomcat.TomcatWebServer  : Tomcat started on port 2324 (http) with context path ''
2026-07-06T13:30:21.001+07:00  INFO 15104 --- [main] c.e.a.AuthenticationApplication          : Started AuthenticationApplication in 5.46 seconds (process running for 5.908)
2026-07-06T13:48:47.639+07:00  INFO 15104 --- [SpringApplicationShutdownHook] j.LocalContainerEntityManagerFactoryBean : Closing JPA EntityManagerFactory for persistence unit 'default'
2026-07-06T13:48:47.711+07:00  INFO 15104 --- [SpringApplicationShutdownHook] com.zaxxer.hikari.HikariDataSource       : HikariPool-1 - Shutdown initiated...
2026-07-06T13:48:47.780+07:00  INFO 15104 --- [SpringApplicationShutdownHook] com.zaxxer.hikari.HikariDataSource       : HikariPool-1 - Shutdown completed.
2026-07-06T13:50:20.847+07:00  INFO 18928 --- [main] c.e.a.AuthenticationApplication          : Starting AuthenticationApplication using Java 21.0.10 with PID 18928 (D:\Roeun Dary  ( Java-Spring boot  )\authentication\target\classes started by CABE-1082 in D:\Roeun Dary  ( Java-Spring boot  )\authentication)
2026-07-06T13:50:20.849+07:00  INFO 18928 --- [main] c.e.a.AuthenticationApplication          : No active profile set, falling back to 1 default profile: "default"
2026-07-06T13:50:21.690+07:00  INFO 18928 --- [main] .s.d.r.c.RepositoryConfigurationDelegate : Bootstrapping Spring Data JPA repositories in DEFAULT mode.
2026-07-06T13:50:21.766+07:00  INFO 18928 --- [main] .s.d.r.c.RepositoryConfigurationDelegate : Finished Spring Data repository scanning in 65 ms. Found 1 JPA repository interface.
2026-07-06T13:50:22.574+07:00  INFO 18928 --- [main] o.s.b.w.embedded.tomcat.TomcatWebServer  : Tomcat initialized with port 2324 (http)
2026-07-06T13:50:22.595+07:00  INFO 18928 --- [main] o.apache.catalina.core.StandardService   : Starting service [Tomcat]
2026-07-06T13:50:22.596+07:00  INFO 18928 --- [main] o.apache.catalina.core.StandardEngine    : Starting Servlet engine: [Apache Tomcat/10.1.20]
2026-07-06T13:50:22.687+07:00  INFO 18928 --- [main] o.a.c.c.C.[Tomcat].[localhost].[/]       : Initializing Spring embedded WebApplicationContext
2026-07-06T13:50:22.687+07:00  INFO 18928 --- [main] w.s.c.ServletWebServerApplicationContext : Root WebApplicationContext: initialization completed in 1783 ms
2026-07-06T13:50:22.898+07:00  INFO 18928 --- [main] o.hibernate.jpa.internal.util.LogHelper  : HHH000204: Processing PersistenceUnitInfo [name: default]
2026-07-06T13:50:23.024+07:00  INFO 18928 --- [main] org.hibernate.Version                    : HHH000412: Hibernate ORM core version 6.4.4.Final
2026-07-06T13:50:23.082+07:00  INFO 18928 --- [main] o.h.c.internal.RegionFactoryInitiator    : HHH000026: Second-level cache disabled
2026-07-06T13:50:23.454+07:00  INFO 18928 --- [main] o.s.o.j.p.SpringPersistenceUnitInfo      : No LoadTimeWeaver setup: ignoring JPA class transformer
2026-07-06T13:50:23.499+07:00  INFO 18928 --- [main] com.zaxxer.hikari.HikariDataSource       : HikariPool-1 - Starting...
2026-07-06T13:50:23.750+07:00  INFO 18928 --- [main] com.zaxxer.hikari.pool.HikariPool        : HikariPool-1 - Added connection com.mysql.cj.jdbc.ConnectionImpl@6eede35e
2026-07-06T13:50:23.753+07:00  INFO 18928 --- [main] com.zaxxer.hikari.HikariDataSource       : HikariPool-1 - Start completed.
2026-07-06T13:50:23.853+07:00  WARN 18928 --- [main] org.hibernate.orm.deprecation            : HHH90000025: MySQLDialect does not need to be specified explicitly using 'hibernate.dialect' (remove the property setting and it will be selected by default)
2026-07-06T13:50:24.818+07:00  INFO 18928 --- [main] o.h.e.t.j.p.i.JtaPlatformInitiator       : HHH000489: No JTA platform available (set 'hibernate.transaction.jta.platform' to enable JTA platform integration)
2026-07-06T13:50:24.931+07:00  INFO 18928 --- [main] j.LocalContainerEntityManagerFactoryBean : Initialized JPA EntityManagerFactory for persistence unit 'default'
2026-07-06T13:50:25.819+07:00  WARN 18928 --- [main] JpaBaseConfiguration$JpaWebConfiguration : spring.jpa.open-in-view is enabled by default. Therefore, database queries may be performed during view rendering. Explicitly configure spring.jpa.open-in-view to disable this warning
2026-07-06T13:50:26.130+07:00  INFO 18928 --- [main] o.s.s.web.DefaultSecurityFilterChain     : Will secure any request with [org.springframework.security.web.session.DisableEncodeUrlFilter@1693d505, org.springframework.security.web.context.request.async.WebAsyncManagerIntegrationFilter@3d195d15, org.springframework.security.web.context.SecurityContextHolderFilter@458704ee, org.springframework.security.web.header.HeaderWriterFilter@7e27b77a, org.springframework.web.filter.CorsFilter@17b387ef, org.springframework.security.web.authentication.logout.LogoutFilter@391b03b, com.example.authentication.config.JwtAuthenticationFilter@17fa14a3, org.springframework.security.web.savedrequest.RequestCacheAwareFilter@5243d730, org.springframework.security.web.servletapi.SecurityContextHolderAwareRequestFilter@15afebcc, org.springframework.security.web.authentication.AnonymousAuthenticationFilter@489b7559, org.springframework.security.web.session.SessionManagementFilter@38b7004d, org.springframework.security.web.access.ExceptionTranslationFilter@52b32622, org.springframework.security.web.access.intercept.AuthorizationFilter@7c3ae369]
2026-07-06T13:50:26.397+07:00  INFO 18928 --- [main] o.s.b.w.embedded.tomcat.TomcatWebServer  : Tomcat started on port 2324 (http) with context path ''
2026-07-06T13:50:26.405+07:00  INFO 18928 --- [main] c.e.a.AuthenticationApplication          : Started AuthenticationApplication in 6.268 seconds (process running for 6.703)
2026-07-06T13:51:52.822+07:00  INFO 18928 --- [http-nio-2324-exec-1] o.a.c.c.C.[Tomcat].[localhost].[/]       : Initializing Spring DispatcherServlet 'dispatcherServlet'
2026-07-06T13:51:52.822+07:00  INFO 18928 --- [http-nio-2324-exec-1] o.s.web.servlet.DispatcherServlet        : Initializing Servlet 'dispatcherServlet'
2026-07-06T13:51:52.824+07:00  INFO 18928 --- [http-nio-2324-exec-1] o.s.web.servlet.DispatcherServlet        : Completed initialization in 2 ms
2026-07-06T13:52:10.520+07:00  WARN 18928 --- [http-nio-2324-exec-4] .w.s.m.s.DefaultHandlerExceptionResolver : Resolved [org.springframework.web.HttpRequestMethodNotSupportedException: Request method 'GET' is not supported]
2026-07-06T13:52:18.861+07:00  WARN 18928 --- [http-nio-2324-exec-3] o.h.engine.jdbc.spi.SqlExceptionHelper   : SQL Error: 1062, SQLState: 23000
2026-07-06T13:52:18.861+07:00 ERROR 18928 --- [http-nio-2324-exec-3] o.h.engine.jdbc.spi.SqlExceptionHelper   : Duplicate entry 'logn1@gmail.com' for key '_user.UK_k11y3pdtsrjgy8w9b6q4bjwrx'
2026-07-06T13:52:18.875+07:00 ERROR 18928 --- [http-nio-2324-exec-3] o.a.c.c.C.[.[.[/].[dispatcherServlet]    : Servlet.service() for servlet [dispatcherServlet] in context with path [] threw exception [Request processing failed: org.springframework.dao.DataIntegrityViolationException: could not execute statement [Duplicate entry 'logn1@gmail.com' for key '_user.UK_k11y3pdtsrjgy8w9b6q4bjwrx'] [insert into _user (email,firstname,lastname,password,role) values (?,?,?,?,?)]; SQL [insert into _user (email,firstname,lastname,password,role) values (?,?,?,?,?)]; constraint [_user.UK_k11y3pdtsrjgy8w9b6q4bjwrx]] with root cause

java.sql.SQLIntegrityConstraintViolationException: Duplicate entry 'logn1@gmail.com' for key '_user.UK_k11y3pdtsrjgy8w9b6q4bjwrx'
	at com.mysql.cj.jdbc.exceptions.SQLError.createSQLException(SQLError.java:118) ~[mysql-connector-j-8.3.0.jar:8.3.0]
	at com.mysql.cj.jdbc.exceptions.SQLExceptionsMapping.translateException(SQLExceptionsMapping.java:122) ~[mysql-connector-j-8.3.0.jar:8.3.0]
	at com.mysql.cj.jdbc.ClientPreparedStatement.executeInternal(ClientPreparedStatement.java:912) ~[mysql-connector-j-8.3.0.jar:8.3.0]
	at com.mysql.cj.jdbc.ClientPreparedStatement.executeUpdateInternal(ClientPreparedStatement.java:1054) ~[mysql-connector-j-8.3.0.jar:8.3.0]
	at com.mysql.cj.jdbc.ClientPreparedStatement.executeUpdateInternal(ClientPreparedStatement.java:1003) ~[mysql-connector-j-8.3.0.jar:8.3.0]
	at com.mysql.cj.jdbc.ClientPreparedStatement.executeLargeUpdate(ClientPreparedStatement.java:1312) ~[mysql-connector-j-8.3.0.jar:8.3.0]
	at com.mysql.cj.jdbc.ClientPreparedStatement.executeUpdate(ClientPreparedStatement.java:988) ~[mysql-connector-j-8.3.0.jar:8.3.0]
	at com.zaxxer.hikari.pool.ProxyPreparedStatement.executeUpdate(ProxyPreparedStatement.java:61) ~[HikariCP-5.0.1.jar:na]
	at com.zaxxer.hikari.pool.HikariProxyPreparedStatement.executeUpdate(HikariProxyPreparedStatement.java) ~[HikariCP-5.0.1.jar:na]
	at org.hibernate.engine.jdbc.internal.ResultSetReturnImpl.executeUpdate(ResultSetReturnImpl.java:194) ~[hibernate-core-6.4.4.Final.jar:6.4.4.Final]
	at org.hibernate.id.insert.GetGeneratedKeysDelegate.performInsert(GetGeneratedKeysDelegate.java:107) ~[hibernate-core-6.4.4.Final.jar:6.4.4.Final]
	at org.hibernate.engine.jdbc.mutation.internal.MutationExecutorPostInsertSingleTable.execute(MutationExecutorPostInsertSingleTable.java:100) ~[hibernate-core-6.4.4.Final.jar:6.4.4.Final]
	at org.hibernate.persister.entity.mutation.InsertCoordinator.doStaticInserts(InsertCoordinator.java:175) ~[hibernate-core-6.4.4.Final.jar:6.4.4.Final]
	at org.hibernate.persister.entity.mutation.InsertCoordinator.coordinateInsert(InsertCoordinator.java:113) ~[hibernate-core-6.4.4.Final.jar:6.4.4.Final]
	at org.hibernate.persister.entity.AbstractEntityPersister.insert(AbstractEntityPersister.java:2868) ~[hibernate-core-6.4.4.Final.jar:6.4.4.Final]
	at org.hibernate.action.internal.EntityIdentityInsertAction.execute(EntityIdentityInsertAction.java:81) ~[hibernate-core-6.4.4.Final.jar:6.4.4.Final]
	at org.hibernate.engine.spi.ActionQueue.execute(ActionQueue.java:670) ~[hibernate-core-6.4.4.Final.jar:6.4.4.Final]
	at org.hibernate.engine.spi.ActionQueue.addResolvedEntityInsertAction(ActionQueue.java:291) ~[hibernate-core-6.4.4.Final.jar:6.4.4.Final]
	at org.hibernate.engine.spi.ActionQueue.addInsertAction(ActionQueue.java:272) ~[hibernate-core-6.4.4.Final.jar:6.4.4.Final]
	at org.hibernate.engine.spi.ActionQueue.addAction(ActionQueue.java:322) ~[hibernate-core-6.4.4.Final.jar:6.4.4.Final]
	at org.hibernate.event.internal.AbstractSaveEventListener.addInsertAction(AbstractSaveEventListener.java:386) ~[hibernate-core-6.4.4.Final.jar:6.4.4.Final]
	at org.hibernate.event.internal.AbstractSaveEventListener.performSaveOrReplicate(AbstractSaveEventListener.java:300) ~[hibernate-core-6.4.4.Final.jar:6.4.4.Final]
	at org.hibernate.event.internal.AbstractSaveEventListener.performSave(AbstractSaveEventListener.java:219) ~[hibernate-core-6.4.4.Final.jar:6.4.4.Final]
	at org.hibernate.event.internal.AbstractSaveEventListener.saveWithGeneratedId(AbstractSaveEventListener.java:134) ~[hibernate-core-6.4.4.Final.jar:6.4.4.Final]
	at org.hibernate.event.internal.DefaultPersistEventListener.entityIsTransient(DefaultPersistEventListener.java:175) ~[hibernate-core-6.4.4.Final.jar:6.4.4.Final]
	at org.hibernate.event.internal.DefaultPersistEventListener.persist(DefaultPersistEventListener.java:93) ~[hibernate-core-6.4.4.Final.jar:6.4.4.Final]
	at org.hibernate.event.internal.DefaultPersistEventListener.onPersist(DefaultPersistEventListener.java:77) ~[hibernate-core-6.4.4.Final.jar:6.4.4.Final]
	at org.hibernate.event.internal.DefaultPersistEventListener.onPersist(DefaultPersistEventListener.java:54) ~[hibernate-core-6.4.4.Final.jar:6.4.4.Final]
	at org.hibernate.event.service.internal.EventListenerGroupImpl.fireEventOnEachListener(EventListenerGroupImpl.java:127) ~[hibernate-core-6.4.4.Final.jar:6.4.4.Final]
	at org.hibernate.internal.SessionImpl.firePersist(SessionImpl.java:754) ~[hibernate-core-6.4.4.Final.jar:6.4.4.Final]
	at org.hibernate.internal.SessionImpl.persist(SessionImpl.java:738) ~[hibernate-core-6.4.4.Final.jar:6.4.4.Final]
	at java.base/jdk.internal.reflect.DirectMethodHandleAccessor.invoke(DirectMethodHandleAccessor.java:103) ~[na:na]
	at java.base/java.lang.reflect.Method.invoke(Method.java:580) ~[na:na]
	at org.springframework.orm.jpa.ExtendedEntityManagerCreator$ExtendedEntityManagerInvocationHandler.invoke(ExtendedEntityManagerCreator.java:364) ~[spring-orm-6.1.6.jar:6.1.6]
	at jdk.proxy2/jdk.proxy2.$Proxy107.persist(Unknown Source) ~[na:na]
	at java.base/jdk.internal.reflect.DirectMethodHandleAccessor.invoke(DirectMethodHandleAccessor.java:103) ~[na:na]
	at java.base/java.lang.reflect.Method.invoke(Method.java:580) ~[na:na]
	at org.springframework.orm.jpa.SharedEntityManagerCreator$SharedEntityManagerInvocationHandler.invoke(SharedEntityManagerCreator.java:319) ~[spring-orm-6.1.6.jar:6.1.6]
	at jdk.proxy2/jdk.proxy2.$Proxy107.persist(Unknown Source) ~[na:na]
	at org.springframework.data.jpa.repository.support.SimpleJpaRepository.save(SimpleJpaRepository.java:618) ~[spring-data-jpa-3.2.5.jar:3.2.5]
	at java.base/jdk.internal.reflect.DirectMethodHandleAccessor.invoke(DirectMethodHandleAccessor.java:103) ~[na:na]
	at java.base/java.lang.reflect.Method.invoke(Method.java:580) ~[na:na]
	at org.springframework.aop.support.AopUtils.invokeJoinpointUsingReflection(AopUtils.java:354) ~[spring-aop-6.1.6.jar:6.1.6]
	at org.springframework.data.repository.core.support.RepositoryMethodInvoker$RepositoryFragmentMethodInvoker.lambda$new$0(RepositoryMethodInvoker.java:277) ~[spring-data-commons-3.2.5.jar:3.2.5]
	at org.springframework.data.repository.core.support.RepositoryMethodInvoker.doInvoke(RepositoryMethodInvoker.java:170) ~[spring-data-commons-3.2.5.jar:3.2.5]
	at org.springframework.data.repository.core.support.RepositoryMethodInvoker.invoke(RepositoryMethodInvoker.java:158) ~[spring-data-commons-3.2.5.jar:3.2.5]
	at org.springframework.data.repository.core.support.RepositoryComposition$RepositoryFragments.invoke(RepositoryComposition.java:516) ~[spring-data-commons-3.2.5.jar:3.2.5]
	at org.springframework.data.repository.core.support.RepositoryComposition.invoke(RepositoryComposition.java:285) ~[spring-data-commons-3.2.5.jar:3.2.5]
	at org.springframework.data.repository.core.support.RepositoryFactorySupport$ImplementationMethodExecutionInterceptor.invoke(RepositoryFactorySupport.java:628) ~[spring-data-commons-3.2.5.jar:3.2.5]
	at org.springframework.aop.framework.ReflectiveMethodInvocation.proceed(ReflectiveMethodInvocation.java:184) ~[spring-aop-6.1.6.jar:6.1.6]
	at org.springframework.data.repository.core.support.QueryExecutorMethodInterceptor.doInvoke(QueryExecutorMethodInterceptor.java:168) ~[spring-data-commons-3.2.5.jar:3.2.5]
	at org.springframework.data.repository.core.support.QueryExecutorMethodInterceptor.invoke(QueryExecutorMethodInterceptor.java:143) ~[spring-data-commons-3.2.5.jar:3.2.5]
	at org.springframework.aop.framework.ReflectiveMethodInvocation.proceed(ReflectiveMethodInvocation.java:184) ~[spring-aop-6.1.6.jar:6.1.6]
	at org.springframework.data.projection.DefaultMethodInvokingMethodInterceptor.invoke(DefaultMethodInvokingMethodInterceptor.java:70) ~[spring-data-commons-3.2.5.jar:3.2.5]
	at org.springframework.aop.framework.ReflectiveMethodInvocation.proceed(ReflectiveMethodInvocation.java:184) ~[spring-aop-6.1.6.jar:6.1.6]
	at org.springframework.transaction.interceptor.TransactionInterceptor$1.proceedWithInvocation(TransactionInterceptor.java:123) ~[spring-tx-6.1.6.jar:6.1.6]
	at org.springframework.transaction.interceptor.TransactionAspectSupport.invokeWithinTransaction(TransactionAspectSupport.java:392) ~[spring-tx-6.1.6.jar:6.1.6]
	at org.springframework.transaction.interceptor.TransactionInterceptor.invoke(TransactionInterceptor.java:119) ~[spring-tx-6.1.6.jar:6.1.6]
	at org.springframework.aop.framework.ReflectiveMethodInvocation.proceed(ReflectiveMethodInvocation.java:184) ~[spring-aop-6.1.6.jar:6.1.6]
	at org.springframework.dao.support.PersistenceExceptionTranslationInterceptor.invoke(PersistenceExceptionTranslationInterceptor.java:137) ~[spring-tx-6.1.6.jar:6.1.6]
	at org.springframework.aop.framework.ReflectiveMethodInvocation.proceed(ReflectiveMethodInvocation.java:184) ~[spring-aop-6.1.6.jar:6.1.6]
	at org.springframework.data.jpa.repository.support.CrudMethodMetadataPostProcessor$CrudMethodMetadataPopulatingMethodInterceptor.invoke(CrudMethodMetadataPostProcessor.java:164) ~[spring-data-jpa-3.2.5.jar:3.2.5]
	at org.springframework.aop.framework.ReflectiveMethodInvocation.proceed(ReflectiveMethodInvocation.java:184) ~[spring-aop-6.1.6.jar:6.1.6]
	at org.springframework.aop.interceptor.ExposeInvocationInterceptor.invoke(ExposeInvocationInterceptor.java:97) ~[spring-aop-6.1.6.jar:6.1.6]
	at org.springframework.aop.framework.ReflectiveMethodInvocation.proceed(ReflectiveMethodInvocation.java:184) ~[spring-aop-6.1.6.jar:6.1.6]
	at org.springframework.aop.framework.JdkDynamicAopProxy.invoke(JdkDynamicAopProxy.java:223) ~[spring-aop-6.1.6.jar:6.1.6]
	at jdk.proxy2/jdk.proxy2.$Proxy112.save(Unknown Source) ~[na:na]
	at com.example.authentication.service.AuthService.register(AuthService.java:48) ~[classes/:na]
	at com.example.authentication.controller.AuthController.register(AuthController.java:25) ~[classes/:na]
	at java.base/jdk.internal.reflect.DirectMethodHandleAccessor.invoke(DirectMethodHandleAccessor.java:103) ~[na:na]
	at java.base/java.lang.reflect.Method.invoke(Method.java:580) ~[na:na]
	at org.springframework.web.method.support.InvocableHandlerMethod.doInvoke(InvocableHandlerMethod.java:255) ~[spring-web-6.1.6.jar:6.1.6]
	at org.springframework.web.method.support.InvocableHandlerMethod.invokeForRequest(InvocableHandlerMethod.java:188) ~[spring-web-6.1.6.jar:6.1.6]
	at org.springframework.web.servlet.mvc.method.annotation.ServletInvocableHandlerMethod.invokeAndHandle(ServletInvocableHandlerMethod.java:118) ~[spring-webmvc-6.1.6.jar:6.1.6]
	at org.springframework.web.servlet.mvc.method.annotation.RequestMappingHandlerAdapter.invokeHandlerMethod(RequestMappingHandlerAdapter.java:926) ~[spring-webmvc-6.1.6.jar:6.1.6]
	at org.springframework.web.servlet.mvc.method.annotation.RequestMappingHandlerAdapter.handleInternal(RequestMappingHandlerAdapter.java:831) ~[spring-webmvc-6.1.6.jar:6.1.6]
	at org.springframework.web.servlet.mvc.method.AbstractHandlerMethodAdapter.handle(AbstractHandlerMethodAdapter.java:87) ~[spring-webmvc-6.1.6.jar:6.1.6]
	at org.springframework.web.servlet.DispatcherServlet.doDispatch(DispatcherServlet.java:1089) ~[spring-webmvc-6.1.6.jar:6.1.6]
	at org.springframework.web.servlet.DispatcherServlet.doService(DispatcherServlet.java:979) ~[spring-webmvc-6.1.6.jar:6.1.6]
	at org.springframework.web.servlet.FrameworkServlet.processRequest(FrameworkServlet.java:1014) ~[spring-webmvc-6.1.6.jar:6.1.6]
	at org.springframework.web.servlet.FrameworkServlet.doPost(FrameworkServlet.java:914) ~[spring-webmvc-6.1.6.jar:6.1.6]
	at jakarta.servlet.http.HttpServlet.service(HttpServlet.java:590) ~[tomcat-embed-core-10.1.20.jar:6.0]
	at org.springframework.web.servlet.FrameworkServlet.service(FrameworkServlet.java:885) ~[spring-webmvc-6.1.6.jar:6.1.6]
	at jakarta.servlet.http.HttpServlet.service(HttpServlet.java:658) ~[tomcat-embed-core-10.1.20.jar:6.0]
	at org.apache.catalina.core.ApplicationFilterChain.internalDoFilter(ApplicationFilterChain.java:206) ~[tomcat-embed-core-10.1.20.jar:10.1.20]
	at org.apache.catalina.core.ApplicationFilterChain.doFilter(ApplicationFilterChain.java:150) ~[tomcat-embed-core-10.1.20.jar:10.1.20]
	at org.apache.tomcat.websocket.server.WsFilter.doFilter(WsFilter.java:51) ~[tomcat-embed-websocket-10.1.20.jar:10.1.20]
	at org.apache.catalina.core.ApplicationFilterChain.internalDoFilter(ApplicationFilterChain.java:175) ~[tomcat-embed-core-10.1.20.jar:10.1.20]
	at org.apache.catalina.core.ApplicationFilterChain.doFilter(ApplicationFilterChain.java:150) ~[tomcat-embed-core-10.1.20.jar:10.1.20]
	at org.springframework.web.filter.OncePerRequestFilter.doFilter(OncePerRequestFilter.java:110) ~[spring-web-6.1.6.jar:6.1.6]
	at org.apache.catalina.core.ApplicationFilterChain.internalDoFilter(ApplicationFilterChain.java:175) ~[tomcat-embed-core-10.1.20.jar:10.1.20]
	at org.apache.catalina.core.ApplicationFilterChain.doFilter(ApplicationFilterChain.java:150) ~[tomcat-embed-core-10.1.20.jar:10.1.20]
	at org.springframework.web.filter.CompositeFilter$VirtualFilterChain.doFilter(CompositeFilter.java:108) ~[spring-web-6.1.6.jar:6.1.6]
	at org.springframework.security.web.FilterChainProxy.lambda$doFilterInternal$3(FilterChainProxy.java:231) ~[spring-security-web-6.2.4.jar:6.2.4]
	at org.springframework.security.web.FilterChainProxy$VirtualFilterChain.doFilter(FilterChainProxy.java:365) ~[spring-security-web-6.2.4.jar:6.2.4]
	at org.springframework.security.web.access.intercept.AuthorizationFilter.doFilter(AuthorizationFilter.java:100) ~[spring-security-web-6.2.4.jar:6.2.4]
	at org.springframework.security.web.FilterChainProxy$VirtualFilterChain.doFilter(FilterChainProxy.java:374) ~[spring-security-web-6.2.4.jar:6.2.4]
	at org.springframework.security.web.access.ExceptionTranslationFilter.doFilter(ExceptionTranslationFilter.java:126) ~[spring-security-web-6.2.4.jar:6.2.4]
	at org.springframework.security.web.access.ExceptionTranslationFilter.doFilter(ExceptionTranslationFilter.java:120) ~[spring-security-web-6.2.4.jar:6.2.4]
	at org.springframework.security.web.FilterChainProxy$VirtualFilterChain.doFilter(FilterChainProxy.java:374) ~[spring-security-web-6.2.4.jar:6.2.4]
	at org.springframework.security.web.session.SessionManagementFilter.doFilter(SessionManagementFilter.java:131) ~[spring-security-web-6.2.4.jar:6.2.4]
	at org.springframework.security.web.session.SessionManagementFilter.doFilter(SessionManagementFilter.java:85) ~[spring-security-web-6.2.4.jar:6.2.4]
	at org.springframework.security.web.FilterChainProxy$VirtualFilterChain.doFilter(FilterChainProxy.java:374) ~[spring-security-web-6.2.4.jar:6.2.4]
	at org.springframework.security.web.authentication.AnonymousAuthenticationFilter.doFilter(AnonymousAuthenticationFilter.java:100) ~[spring-security-web-6.2.4.jar:6.2.4]
	at org.springframework.security.web.FilterChainProxy$VirtualFilterChain.doFilter(FilterChainProxy.java:374) ~[spring-security-web-6.2.4.jar:6.2.4]
	at org.springframework.security.web.servletapi.SecurityContextHolderAwareRequestFilter.doFilter(SecurityContextHolderAwareRequestFilter.java:179) ~[spring-security-web-6.2.4.jar:6.2.4]
	at org.springframework.security.web.FilterChainProxy$VirtualFilterChain.doFilter(FilterChainProxy.java:374) ~[spring-security-web-6.2.4.jar:6.2.4]
	at org.springframework.security.web.savedrequest.RequestCacheAwareFilter.doFilter(RequestCacheAwareFilter.java:63) ~[spring-security-web-6.2.4.jar:6.2.4]
	at org.springframework.security.web.FilterChainProxy$VirtualFilterChain.doFilter(FilterChainProxy.java:374) ~[spring-security-web-6.2.4.jar:6.2.4]
	at com.example.authentication.config.JwtAuthenticationFilter.doFilterInternal(JwtAuthenticationFilter.java:39) ~[classes/:na]
	at org.springframework.web.filter.OncePerRequestFilter.doFilter(OncePerRequestFilter.java:116) ~[spring-web-6.1.6.jar:6.1.6]
	at org.springframework.security.web.FilterChainProxy$VirtualFilterChain.doFilter(FilterChainProxy.java:374) ~[spring-security-web-6.2.4.jar:6.2.4]
	at org.springframework.security.web.authentication.logout.LogoutFilter.doFilter(LogoutFilter.java:107) ~[spring-security-web-6.2.4.jar:6.2.4]
	at org.springframework.security.web.authentication.logout.LogoutFilter.doFilter(LogoutFilter.java:93) ~[spring-security-web-6.2.4.jar:6.2.4]
	at org.springframework.security.web.FilterChainProxy$VirtualFilterChain.doFilter(FilterChainProxy.java:374) ~[spring-security-web-6.2.4.jar:6.2.4]
	at org.springframework.web.filter.CorsFilter.doFilterInternal(CorsFilter.java:91) ~[spring-web-6.1.6.jar:6.1.6]
	at org.springframework.web.filter.OncePerRequestFilter.doFilter(OncePerRequestFilter.java:116) ~[spring-web-6.1.6.jar:6.1.6]
	at org.springframework.security.web.FilterChainProxy$VirtualFilterChain.doFilter(FilterChainProxy.java:374) ~[spring-security-web-6.2.4.jar:6.2.4]
	at org.springframework.security.web.header.HeaderWriterFilter.doHeadersAfter(HeaderWriterFilter.java:90) ~[spring-security-web-6.2.4.jar:6.2.4]
	at org.springframework.security.web.header.HeaderWriterFilter.doFilterInternal(HeaderWriterFilter.java:75) ~[spring-security-web-6.2.4.jar:6.2.4]
	at org.springframework.web.filter.OncePerRequestFilter.doFilter(OncePerRequestFilter.java:116) ~[spring-web-6.1.6.jar:6.1.6]
	at org.springframework.security.web.FilterChainProxy$VirtualFilterChain.doFilter(FilterChainProxy.java:374) ~[spring-security-web-6.2.4.jar:6.2.4]
	at org.springframework.security.web.context.SecurityContextHolderFilter.doFilter(SecurityContextHolderFilter.java:82) ~[spring-security-web-6.2.4.jar:6.2.4]
	at org.springframework.security.web.context.SecurityContextHolderFilter.doFilter(SecurityContextHolderFilter.java:69) ~[spring-security-web-6.2.4.jar:6.2.4]
	at org.springframework.security.web.FilterChainProxy$VirtualFilterChain.doFilter(FilterChainProxy.java:374) ~[spring-security-web-6.2.4.jar:6.2.4]
	at org.springframework.security.web.context.request.async.WebAsyncManagerIntegrationFilter.doFilterInternal(WebAsyncManagerIntegrationFilter.java:62) ~[spring-security-web-6.2.4.jar:6.2.4]
	at org.springframework.web.filter.OncePerRequestFilter.doFilter(OncePerRequestFilter.java:116) ~[spring-web-6.1.6.jar:6.1.6]
	at org.springframework.security.web.FilterChainProxy$VirtualFilterChain.doFilter(FilterChainProxy.java:374) ~[spring-security-web-6.2.4.jar:6.2.4]
	at org.springframework.security.web.session.DisableEncodeUrlFilter.doFilterInternal(DisableEncodeUrlFilter.java:42) ~[spring-security-web-6.2.4.jar:6.2.4]
	at org.springframework.web.filter.OncePerRequestFilter.doFilter(OncePerRequestFilter.java:116) ~[spring-web-6.1.6.jar:6.1.6]
	at org.springframework.security.web.FilterChainProxy$VirtualFilterChain.doFilter(FilterChainProxy.java:374) ~[spring-security-web-6.2.4.jar:6.2.4]
	at org.springframework.security.web.FilterChainProxy.doFilterInternal(FilterChainProxy.java:233) ~[spring-security-web-6.2.4.jar:6.2.4]
	at org.springframework.security.web.FilterChainProxy.doFilter(FilterChainProxy.java:191) ~[spring-security-web-6.2.4.jar:6.2.4]
	at org.springframework.web.filter.CompositeFilter$VirtualFilterChain.doFilter(CompositeFilter.java:113) ~[spring-web-6.1.6.jar:6.1.6]
	at org.springframework.web.servlet.handler.HandlerMappingIntrospector.lambda$createCacheFilter$3(HandlerMappingIntrospector.java:195) ~[spring-webmvc-6.1.6.jar:6.1.6]
	at org.springframework.web.filter.CompositeFilter$VirtualFilterChain.doFilter(CompositeFilter.java:113) ~[spring-web-6.1.6.jar:6.1.6]
	at org.springframework.web.filter.CompositeFilter.doFilter(CompositeFilter.java:74) ~[spring-web-6.1.6.jar:6.1.6]
	at org.springframework.security.config.annotation.web.configuration.WebMvcSecurityConfiguration$CompositeFilterChainProxy.doFilter(WebMvcSecurityConfiguration.java:230) ~[spring-security-config-6.2.4.jar:6.2.4]
	at org.springframework.web.filter.DelegatingFilterProxy.invokeDelegate(DelegatingFilterProxy.java:352) ~[spring-web-6.1.6.jar:6.1.6]
	at org.springframework.web.filter.DelegatingFilterProxy.doFilter(DelegatingFilterProxy.java:268) ~[spring-web-6.1.6.jar:6.1.6]
	at org.apache.catalina.core.ApplicationFilterChain.internalDoFilter(ApplicationFilterChain.java:175) ~[tomcat-embed-core-10.1.20.jar:10.1.20]
	at org.apache.catalina.core.ApplicationFilterChain.doFilter(ApplicationFilterChain.java:150) ~[tomcat-embed-core-10.1.20.jar:10.1.20]
	at org.springframework.web.filter.RequestContextFilter.doFilterInternal(RequestContextFilter.java:100) ~[spring-web-6.1.6.jar:6.1.6]
	at org.springframework.web.filter.OncePerRequestFilter.doFilter(OncePerRequestFilter.java:116) ~[spring-web-6.1.6.jar:6.1.6]
	at org.apache.catalina.core.ApplicationFilterChain.internalDoFilter(ApplicationFilterChain.java:175) ~[tomcat-embed-core-10.1.20.jar:10.1.20]
	at org.apache.catalina.core.ApplicationFilterChain.doFilter(ApplicationFilterChain.java:150) ~[tomcat-embed-core-10.1.20.jar:10.1.20]
	at org.springframework.web.filter.FormContentFilter.doFilterInternal(FormContentFilter.java:93) ~[spring-web-6.1.6.jar:6.1.6]
	at org.springframework.web.filter.OncePerRequestFilter.doFilter(OncePerRequestFilter.java:116) ~[spring-web-6.1.6.jar:6.1.6]
	at org.apache.catalina.core.ApplicationFilterChain.internalDoFilter(ApplicationFilterChain.java:175) ~[tomcat-embed-core-10.1.20.jar:10.1.20]
	at org.apache.catalina.core.ApplicationFilterChain.doFilter(ApplicationFilterChain.java:150) ~[tomcat-embed-core-10.1.20.jar:10.1.20]
	at org.springframework.web.filter.CharacterEncodingFilter.doFilterInternal(CharacterEncodingFilter.java:201) ~[spring-web-6.1.6.jar:6.1.6]
	at org.springframework.web.filter.OncePerRequestFilter.doFilter(OncePerRequestFilter.java:116) ~[spring-web-6.1.6.jar:6.1.6]
	at org.apache.catalina.core.ApplicationFilterChain.internalDoFilter(ApplicationFilterChain.java:175) ~[tomcat-embed-core-10.1.20.jar:10.1.20]
	at org.apache.catalina.core.ApplicationFilterChain.doFilter(ApplicationFilterChain.java:150) ~[tomcat-embed-core-10.1.20.jar:10.1.20]
	at org.apache.catalina.core.StandardWrapperValve.invoke(StandardWrapperValve.java:167) ~[tomcat-embed-core-10.1.20.jar:10.1.20]
	at org.apache.catalina.core.StandardContextValve.invoke(StandardContextValve.java:90) ~[tomcat-embed-core-10.1.20.jar:10.1.20]
	at org.apache.catalina.authenticator.AuthenticatorBase.invoke(AuthenticatorBase.java:482) ~[tomcat-embed-core-10.1.20.jar:10.1.20]
	at org.apache.catalina.core.StandardHostValve.invoke(StandardHostValve.java:115) ~[tomcat-embed-core-10.1.20.jar:10.1.20]
	at org.apache.catalina.valves.ErrorReportValve.invoke(ErrorReportValve.java:93) ~[tomcat-embed-core-10.1.20.jar:10.1.20]
	at org.apache.catalina.core.StandardEngineValve.invoke(StandardEngineValve.java:74) ~[tomcat-embed-core-10.1.20.jar:10.1.20]
	at org.apache.catalina.connector.CoyoteAdapter.service(CoyoteAdapter.java:344) ~[tomcat-embed-core-10.1.20.jar:10.1.20]
	at org.apache.coyote.http11.Http11Processor.service(Http11Processor.java:391) ~[tomcat-embed-core-10.1.20.jar:10.1.20]
	at org.apache.coyote.AbstractProcessorLight.process(AbstractProcessorLight.java:63) ~[tomcat-embed-core-10.1.20.jar:10.1.20]
	at org.apache.coyote.AbstractProtocol$ConnectionHandler.process(AbstractProtocol.java:896) ~[tomcat-embed-core-10.1.20.jar:10.1.20]
	at org.apache.tomcat.util.net.NioEndpoint$SocketProcessor.doRun(NioEndpoint.java:1736) ~[tomcat-embed-core-10.1.20.jar:10.1.20]
	at org.apache.tomcat.util.net.SocketProcessorBase.run(SocketProcessorBase.java:52) ~[tomcat-embed-core-10.1.20.jar:10.1.20]
	at org.apache.tomcat.util.threads.ThreadPoolExecutor.runWorker(ThreadPoolExecutor.java:1191) ~[tomcat-embed-core-10.1.20.jar:10.1.20]
	at org.apache.tomcat.util.threads.ThreadPoolExecutor$Worker.run(ThreadPoolExecutor.java:659) ~[tomcat-embed-core-10.1.20.jar:10.1.20]
	at org.apache.tomcat.util.threads.TaskThread$WrappingRunnable.run(TaskThread.java:63) ~[tomcat-embed-core-10.1.20.jar:10.1.20]
	at java.base/java.lang.Thread.run(Thread.java:1583) ~[na:na]

2026-07-06T14:17:38.552+07:00  INFO 18928 --- [SpringApplicationShutdownHook] j.LocalContainerEntityManagerFactoryBean : Closing JPA EntityManagerFactory for persistence unit 'default'
2026-07-06T14:17:38.571+07:00  INFO 18928 --- [SpringApplicationShutdownHook] com.zaxxer.hikari.HikariDataSource       : HikariPool-1 - Shutdown initiated...
2026-07-06T14:17:38.593+07:00  INFO 18928 --- [SpringApplicationShutdownHook] com.zaxxer.hikari.HikariDataSource       : HikariPool-1 - Shutdown completed.
2026-07-06T14:48:22.227+07:00  INFO 4720 --- [main] c.e.a.AuthenticationApplication          : Starting AuthenticationApplication using Java 21.0.10 with PID 4720 (D:\Roeun Dary  ( Java-Spring boot  )\authentication\target\classes started by CABE-1082 in D:\Roeun Dary  ( Java-Spring boot  )\authentication)
2026-07-06T14:48:22.246+07:00  INFO 4720 --- [main] c.e.a.AuthenticationApplication          : No active profile set, falling back to 1 default profile: "default"
2026-07-06T14:48:22.989+07:00  INFO 4720 --- [main] .s.d.r.c.RepositoryConfigurationDelegate : Bootstrapping Spring Data JPA repositories in DEFAULT mode.
2026-07-06T14:48:23.054+07:00  INFO 4720 --- [main] .s.d.r.c.RepositoryConfigurationDelegate : Finished Spring Data repository scanning in 55 ms. Found 1 JPA repository interface.
2026-07-06T14:48:23.666+07:00  INFO 4720 --- [main] o.s.b.w.embedded.tomcat.TomcatWebServer  : Tomcat initialized with port 2324 (http)
2026-07-06T14:48:23.681+07:00  INFO 4720 --- [main] o.apache.catalina.core.StandardService   : Starting service [Tomcat]
2026-07-06T14:48:23.682+07:00  INFO 4720 --- [main] o.apache.catalina.core.StandardEngine    : Starting Servlet engine: [Apache Tomcat/10.1.20]
2026-07-06T14:48:23.763+07:00  INFO 4720 --- [main] o.a.c.c.C.[Tomcat].[localhost].[/]       : Initializing Spring embedded WebApplicationContext
2026-07-06T14:48:23.764+07:00  INFO 4720 --- [main] w.s.c.ServletWebServerApplicationContext : Root WebApplicationContext: initialization completed in 1463 ms
2026-07-06T14:48:23.914+07:00  INFO 4720 --- [main] o.hibernate.jpa.internal.util.LogHelper  : HHH000204: Processing PersistenceUnitInfo [name: default]
2026-07-06T14:48:24.000+07:00  INFO 4720 --- [main] org.hibernate.Version                    : HHH000412: Hibernate ORM core version 6.4.4.Final
2026-07-06T14:48:24.044+07:00  INFO 4720 --- [main] o.h.c.internal.RegionFactoryInitiator    : HHH000026: Second-level cache disabled
2026-07-06T14:48:24.366+07:00  INFO 4720 --- [main] o.s.o.j.p.SpringPersistenceUnitInfo      : No LoadTimeWeaver setup: ignoring JPA class transformer
2026-07-06T14:48:24.404+07:00  INFO 4720 --- [main] com.zaxxer.hikari.HikariDataSource       : HikariPool-1 - Starting...
2026-07-06T14:48:24.609+07:00  INFO 4720 --- [main] com.zaxxer.hikari.pool.HikariPool        : HikariPool-1 - Added connection com.mysql.cj.jdbc.ConnectionImpl@a457c2b
2026-07-06T14:48:24.611+07:00  INFO 4720 --- [main] com.zaxxer.hikari.HikariDataSource       : HikariPool-1 - Start completed.
2026-07-06T14:48:24.681+07:00  WARN 4720 --- [main] org.hibernate.orm.deprecation            : HHH90000025: MySQLDialect does not need to be specified explicitly using 'hibernate.dialect' (remove the property setting and it will be selected by default)
2026-07-06T14:48:25.584+07:00  INFO 4720 --- [main] o.h.e.t.j.p.i.JtaPlatformInitiator       : HHH000489: No JTA platform available (set 'hibernate.transaction.jta.platform' to enable JTA platform integration)
2026-07-06T14:48:25.695+07:00  INFO 4720 --- [main] j.LocalContainerEntityManagerFactoryBean : Initialized JPA EntityManagerFactory for persistence unit 'default'
2026-07-06T14:48:26.142+07:00  WARN 4720 --- [main] JpaBaseConfiguration$JpaWebConfiguration : spring.jpa.open-in-view is enabled by default. Therefore, database queries may be performed during view rendering. Explicitly configure spring.jpa.open-in-view to disable this warning
2026-07-06T14:48:26.423+07:00  INFO 4720 --- [main] o.s.s.web.DefaultSecurityFilterChain     : Will secure any request with [org.springframework.security.web.session.DisableEncodeUrlFilter@1aebe759, org.springframework.security.web.context.request.async.WebAsyncManagerIntegrationFilter@6fd37997, org.springframework.security.web.context.SecurityContextHolderFilter@1d4e06bb, org.springframework.security.web.header.HeaderWriterFilter@2e015ac1, org.springframework.web.filter.CorsFilter@5dc7881d, org.springframework.security.web.authentication.logout.LogoutFilter@12051d38, com.example.authentication.config.JwtAuthenticationFilter@486bcaa, org.springframework.security.web.savedrequest.RequestCacheAwareFilter@4529048e, org.springframework.security.web.servletapi.SecurityContextHolderAwareRequestFilter@6addfa22, org.springframework.security.web.authentication.AnonymousAuthenticationFilter@590336ed, org.springframework.security.web.session.SessionManagementFilter@1db5de29, org.springframework.security.web.access.ExceptionTranslationFilter@2b18b308, org.springframework.security.web.access.intercept.AuthorizationFilter@2f8b48c3]
2026-07-06T14:48:26.642+07:00  INFO 4720 --- [main] o.s.b.w.embedded.tomcat.TomcatWebServer  : Tomcat started on port 2324 (http) with context path ''
2026-07-06T14:48:26.650+07:00  INFO 4720 --- [main] c.e.a.AuthenticationApplication          : Started AuthenticationApplication in 4.923 seconds (process running for 5.333)
2026-07-06T14:48:36.057+07:00  INFO 4720 --- [http-nio-2324-exec-1] o.a.c.c.C.[Tomcat].[localhost].[/]       : Initializing Spring DispatcherServlet 'dispatcherServlet'
2026-07-06T14:48:36.057+07:00  INFO 4720 --- [http-nio-2324-exec-1] o.s.web.servlet.DispatcherServlet        : Initializing Servlet 'dispatcherServlet'
2026-07-06T14:48:36.058+07:00  INFO 4720 --- [http-nio-2324-exec-1] o.s.web.servlet.DispatcherServlet        : Completed initialization in 1 ms
2026-07-06T15:14:27.953+07:00  INFO 4720 --- [SpringApplicationShutdownHook] j.LocalContainerEntityManagerFactoryBean : Closing JPA EntityManagerFactory for persistence unit 'default'
2026-07-06T15:14:27.974+07:00  INFO 4720 --- [SpringApplicationShutdownHook] com.zaxxer.hikari.HikariDataSource       : HikariPool-1 - Shutdown initiated...
2026-07-06T15:14:28.006+07:00  INFO 4720 --- [SpringApplicationShutdownHook] com.zaxxer.hikari.HikariDataSource       : HikariPool-1 - Shutdown completed.
2026-07-06T15:14:41.236+07:00  INFO 14436 --- [main] c.e.a.AuthenticationApplication          : Starting AuthenticationApplication using Java 21.0.10 with PID 14436 (D:\Roeun Dary  ( Java-Spring boot  )\authentication\target\classes started by CABE-1082 in D:\Roeun Dary  ( Java-Spring boot  )\authentication)
2026-07-06T15:14:41.239+07:00  INFO 14436 --- [main] c.e.a.AuthenticationApplication          : No active profile set, falling back to 1 default profile: "default"
2026-07-06T15:14:41.848+07:00  INFO 14436 --- [main] .s.d.r.c.RepositoryConfigurationDelegate : Bootstrapping Spring Data JPA repositories in DEFAULT mode.
2026-07-06T15:14:41.913+07:00  INFO 14436 --- [main] .s.d.r.c.RepositoryConfigurationDelegate : Finished Spring Data repository scanning in 56 ms. Found 2 JPA repository interfaces.
2026-07-06T15:14:42.481+07:00  INFO 14436 --- [main] o.s.b.w.embedded.tomcat.TomcatWebServer  : Tomcat initialized with port 2324 (http)
2026-07-06T15:14:42.498+07:00  INFO 14436 --- [main] o.apache.catalina.core.StandardService   : Starting service [Tomcat]
2026-07-06T15:14:42.498+07:00  INFO 14436 --- [main] o.apache.catalina.core.StandardEngine    : Starting Servlet engine: [Apache Tomcat/10.1.20]
2026-07-06T15:14:42.580+07:00  INFO 14436 --- [main] o.a.c.c.C.[Tomcat].[localhost].[/]       : Initializing Spring embedded WebApplicationContext
2026-07-06T15:14:42.580+07:00  INFO 14436 --- [main] w.s.c.ServletWebServerApplicationContext : Root WebApplicationContext: initialization completed in 1297 ms
2026-07-06T15:14:42.724+07:00  INFO 14436 --- [main] o.hibernate.jpa.internal.util.LogHelper  : HHH000204: Processing PersistenceUnitInfo [name: default]
2026-07-06T15:14:42.810+07:00  INFO 14436 --- [main] org.hibernate.Version                    : HHH000412: Hibernate ORM core version 6.4.4.Final
2026-07-06T15:14:42.854+07:00  INFO 14436 --- [main] o.h.c.internal.RegionFactoryInitiator    : HHH000026: Second-level cache disabled
2026-07-06T15:14:43.168+07:00  INFO 14436 --- [main] o.s.o.j.p.SpringPersistenceUnitInfo      : No LoadTimeWeaver setup: ignoring JPA class transformer
2026-07-06T15:14:43.205+07:00  INFO 14436 --- [main] com.zaxxer.hikari.HikariDataSource       : HikariPool-1 - Starting...
2026-07-06T15:14:43.418+07:00  INFO 14436 --- [main] com.zaxxer.hikari.pool.HikariPool        : HikariPool-1 - Added connection com.mysql.cj.jdbc.ConnectionImpl@474e34e4
2026-07-06T15:14:43.420+07:00  INFO 14436 --- [main] com.zaxxer.hikari.HikariDataSource       : HikariPool-1 - Start completed.
2026-07-06T15:14:43.481+07:00  WARN 14436 --- [main] org.hibernate.orm.deprecation            : HHH90000025: MySQLDialect does not need to be specified explicitly using 'hibernate.dialect' (remove the property setting and it will be selected by default)
2026-07-06T15:14:44.513+07:00  INFO 14436 --- [main] o.h.e.t.j.p.i.JtaPlatformInitiator       : HHH000489: No JTA platform available (set 'hibernate.transaction.jta.platform' to enable JTA platform integration)
2026-07-06T15:14:44.617+07:00  INFO 14436 --- [main] j.LocalContainerEntityManagerFactoryBean : Initialized JPA EntityManagerFactory for persistence unit 'default'
2026-07-06T15:14:45.161+07:00  WARN 14436 --- [main] JpaBaseConfiguration$JpaWebConfiguration : spring.jpa.open-in-view is enabled by default. Therefore, database queries may be performed during view rendering. Explicitly configure spring.jpa.open-in-view to disable this warning
2026-07-06T15:14:45.439+07:00  INFO 14436 --- [main] o.s.s.web.DefaultSecurityFilterChain     : Will secure any request with [org.springframework.security.web.session.DisableEncodeUrlFilter@2c0d7099, org.springframework.security.web.context.request.async.WebAsyncManagerIntegrationFilter@74844f8a, org.springframework.security.web.context.SecurityContextHolderFilter@4516c2ef, org.springframework.security.web.header.HeaderWriterFilter@220e1b7b, org.springframework.web.filter.CorsFilter@5c945ee7, org.springframework.security.web.authentication.logout.LogoutFilter@4d0d568f, com.example.authentication.config.JwtAuthenticationFilter@48697181, org.springframework.security.web.savedrequest.RequestCacheAwareFilter@64acf8d2, org.springframework.security.web.servletapi.SecurityContextHolderAwareRequestFilter@112a50a1, org.springframework.security.web.authentication.AnonymousAuthenticationFilter@51a5a8ba, org.springframework.security.web.session.SessionManagementFilter@8113ea7, org.springframework.security.web.access.ExceptionTranslationFilter@13e5b262, org.springframework.security.web.access.intercept.AuthorizationFilter@29ce33e9]
2026-07-06T15:14:45.659+07:00  INFO 14436 --- [main] o.s.b.w.embedded.tomcat.TomcatWebServer  : Tomcat started on port 2324 (http) with context path ''
2026-07-06T15:14:45.666+07:00  INFO 14436 --- [main] c.e.a.AuthenticationApplication          : Started AuthenticationApplication in 4.843 seconds (process running for 5.198)
2026-07-06T15:15:34.738+07:00  INFO 14436 --- [http-nio-2324-exec-2] o.a.c.c.C.[Tomcat].[localhost].[/]       : Initializing Spring DispatcherServlet 'dispatcherServlet'
2026-07-06T15:15:34.739+07:00  INFO 14436 --- [http-nio-2324-exec-2] o.s.web.servlet.DispatcherServlet        : Initializing Servlet 'dispatcherServlet'
2026-07-06T15:15:34.740+07:00  INFO 14436 --- [http-nio-2324-exec-2] o.s.web.servlet.DispatcherServlet        : Completed initialization in 1 ms
2026-07-06T15:27:50.373+07:00  INFO 14436 --- [SpringApplicationShutdownHook] j.LocalContainerEntityManagerFactoryBean : Closing JPA EntityManagerFactory for persistence unit 'default'
2026-07-06T15:27:50.386+07:00  INFO 14436 --- [SpringApplicationShutdownHook] com.zaxxer.hikari.HikariDataSource       : HikariPool-1 - Shutdown initiated...
2026-07-06T15:27:50.431+07:00  INFO 14436 --- [SpringApplicationShutdownHook] com.zaxxer.hikari.HikariDataSource       : HikariPool-1 - Shutdown completed.
2026-07-06T15:30:00.408+07:00  INFO 18676 --- [main] c.e.a.AuthenticationApplication          : Starting AuthenticationApplication using Java 21.0.10 with PID 18676 (D:\Roeun Dary  ( Java-Spring boot  )\authentication\target\classes started by CABE-1082 in D:\Roeun Dary  ( Java-Spring boot  )\authentication)
2026-07-06T15:30:00.422+07:00  INFO 18676 --- [main] c.e.a.AuthenticationApplication          : No active profile set, falling back to 1 default profile: "default"
2026-07-06T15:30:01.176+07:00  INFO 18676 --- [main] .s.d.r.c.RepositoryConfigurationDelegate : Bootstrapping Spring Data JPA repositories in DEFAULT mode.
2026-07-06T15:30:01.250+07:00  INFO 18676 --- [main] .s.d.r.c.RepositoryConfigurationDelegate : Finished Spring Data repository scanning in 66 ms. Found 2 JPA repository interfaces.
2026-07-06T15:30:01.873+07:00  INFO 18676 --- [main] o.s.b.w.embedded.tomcat.TomcatWebServer  : Tomcat initialized with port 2324 (http)
2026-07-06T15:30:01.895+07:00  INFO 18676 --- [main] o.apache.catalina.core.StandardService   : Starting service [Tomcat]
2026-07-06T15:30:01.895+07:00  INFO 18676 --- [main] o.apache.catalina.core.StandardEngine    : Starting Servlet engine: [Apache Tomcat/10.1.20]
2026-07-06T15:30:01.993+07:00  INFO 18676 --- [main] o.a.c.c.C.[Tomcat].[localhost].[/]       : Initializing Spring embedded WebApplicationContext
2026-07-06T15:30:01.994+07:00  INFO 18676 --- [main] w.s.c.ServletWebServerApplicationContext : Root WebApplicationContext: initialization completed in 1521 ms
2026-07-06T15:30:02.169+07:00  INFO 18676 --- [main] o.hibernate.jpa.internal.util.LogHelper  : HHH000204: Processing PersistenceUnitInfo [name: default]
2026-07-06T15:30:02.256+07:00  INFO 18676 --- [main] org.hibernate.Version                    : HHH000412: Hibernate ORM core version 6.4.4.Final
2026-07-06T15:30:02.303+07:00  INFO 18676 --- [main] o.h.c.internal.RegionFactoryInitiator    : HHH000026: Second-level cache disabled
2026-07-06T15:30:02.571+07:00  INFO 18676 --- [main] o.s.o.j.p.SpringPersistenceUnitInfo      : No LoadTimeWeaver setup: ignoring JPA class transformer
2026-07-06T15:30:02.607+07:00  INFO 18676 --- [main] com.zaxxer.hikari.HikariDataSource       : HikariPool-1 - Starting...
2026-07-06T15:30:02.828+07:00  INFO 18676 --- [main] com.zaxxer.hikari.pool.HikariPool        : HikariPool-1 - Added connection com.mysql.cj.jdbc.ConnectionImpl@4899799b
2026-07-06T15:30:02.830+07:00  INFO 18676 --- [main] com.zaxxer.hikari.HikariDataSource       : HikariPool-1 - Start completed.
2026-07-06T15:30:02.913+07:00  WARN 18676 --- [main] org.hibernate.orm.deprecation            : HHH90000025: MySQLDialect does not need to be specified explicitly using 'hibernate.dialect' (remove the property setting and it will be selected by default)
2026-07-06T15:30:03.876+07:00  INFO 18676 --- [main] o.h.e.t.j.p.i.JtaPlatformInitiator       : HHH000489: No JTA platform available (set 'hibernate.transaction.jta.platform' to enable JTA platform integration)
2026-07-06T15:30:03.989+07:00  INFO 18676 --- [main] j.LocalContainerEntityManagerFactoryBean : Initialized JPA EntityManagerFactory for persistence unit 'default'
2026-07-06T15:30:04.491+07:00  WARN 18676 --- [main] JpaBaseConfiguration$JpaWebConfiguration : spring.jpa.open-in-view is enabled by default. Therefore, database queries may be performed during view rendering. Explicitly configure spring.jpa.open-in-view to disable this warning
2026-07-06T15:30:04.783+07:00  INFO 18676 --- [main] o.s.s.web.DefaultSecurityFilterChain     : Will secure any request with [org.springframework.security.web.session.DisableEncodeUrlFilter@2dfab167, org.springframework.security.web.context.request.async.WebAsyncManagerIntegrationFilter@30eee098, org.springframework.security.web.context.SecurityContextHolderFilter@3fb4beb1, org.springframework.security.web.header.HeaderWriterFilter@70dd79f7, org.springframework.web.filter.CorsFilter@3123ba75, org.springframework.security.web.authentication.logout.LogoutFilter@1f86f7da, com.example.authentication.config.JwtAuthenticationFilter@70e8c019, org.springframework.security.web.savedrequest.RequestCacheAwareFilter@2b5a04b0, org.springframework.security.web.servletapi.SecurityContextHolderAwareRequestFilter@41a3c6f5, org.springframework.security.web.authentication.AnonymousAuthenticationFilter@3d8e1fa6, org.springframework.security.web.session.SessionManagementFilter@2b441609, org.springframework.security.web.access.ExceptionTranslationFilter@73c6ae15, org.springframework.security.web.access.intercept.AuthorizationFilter@30a5a58d]
2026-07-06T15:30:05.008+07:00  INFO 18676 --- [main] o.s.b.w.embedded.tomcat.TomcatWebServer  : Tomcat started on port 2324 (http) with context path ''
2026-07-06T15:30:05.016+07:00  INFO 18676 --- [main] c.e.a.AuthenticationApplication          : Started AuthenticationApplication in 5.123 seconds (process running for 5.562)
2026-07-06T15:30:58.208+07:00  INFO 18676 --- [http-nio-2324-exec-2] o.a.c.c.C.[Tomcat].[localhost].[/]       : Initializing Spring DispatcherServlet 'dispatcherServlet'
2026-07-06T15:30:58.208+07:00  INFO 18676 --- [http-nio-2324-exec-2] o.s.web.servlet.DispatcherServlet        : Initializing Servlet 'dispatcherServlet'
2026-07-06T15:30:58.209+07:00  INFO 18676 --- [http-nio-2324-exec-2] o.s.web.servlet.DispatcherServlet        : Completed initialization in 1 ms
2026-07-06T15:46:11.527+07:00  INFO 18676 --- [SpringApplicationShutdownHook] j.LocalContainerEntityManagerFactoryBean : Closing JPA EntityManagerFactory for persistence unit 'default'
2026-07-06T15:46:11.531+07:00  INFO 18676 --- [SpringApplicationShutdownHook] com.zaxxer.hikari.HikariDataSource       : HikariPool-1 - Shutdown initiated...
2026-07-06T15:46:11.545+07:00  INFO 18676 --- [SpringApplicationShutdownHook] com.zaxxer.hikari.HikariDataSource       : HikariPool-1 - Shutdown completed.
